2014-06-18 09:07:12,391 - restapi - INFO - sudo mv /tmp/nodejs /etc/puppet/modules/
2014-06-19 05:36:55,321 - restapi - INFO - accessing /InstallModuel
2014-06-19 05:36:55,322 - restapi - INFO - <Storage {'downloadUrl': u'https://www.dropbox.com/s/9yc65p7b2hkw9t3/nodejs.tar.gz?dl=1', 'checksum': u'f6b1e4ce34219c981aebbe035aa5036f', 'packagetype': u'puppdet', 'modulename': u'nodejs'}>
2014-06-19 05:36:55,322 - restapi - INFO - packagetype: puppdet
2014-06-19 05:36:55,322 - restapi - INFO - downloadUrl: https://www.dropbox.com/s/9yc65p7b2hkw9t3/nodejs.tar.gz?dl=1
2014-06-19 05:36:55,322 - restapi - INFO - moduleName: nodejs
2014-06-19 05:36:55,322 - restapi - INFO - checkSum: f6b1e4ce34219c981aebbe035aa5036f
2014-06-19 05:37:10,955 - restapi - INFO - accessing /InstallModuel
2014-06-19 05:37:10,955 - restapi - INFO - <Storage {'downloadUrl': u'https://www.dropbox.com/s/9yc65p7b2hkw9t3/nodejs.tar.gz?dl=1', 'checksum': u'f6b1e4ce34219c981aebbe035aa5036f', 'packagetype': u'puppdet', 'modulename': u'nodejs'}>
2014-06-19 05:37:10,956 - restapi - INFO - packagetype: puppdet
2014-06-19 05:37:10,956 - restapi - INFO - downloadUrl: https://www.dropbox.com/s/9yc65p7b2hkw9t3/nodejs.tar.gz?dl=1
2014-06-19 05:37:10,956 - restapi - INFO - moduleName: nodejs
2014-06-19 05:37:10,956 - restapi - INFO - checkSum: f6b1e4ce34219c981aebbe035aa5036f
2014-06-19 05:37:10,956 - restapi - DEBUG - Error is :<function createJsonErrorMessage at 0x7fe7ed14cb18> is not JSON serializable
2014-06-19 05:38:40,740 - restapi - INFO - accessing /InstallModuel
2014-06-19 05:38:40,740 - restapi - INFO - <Storage {'downloadUrl': u'https://www.dropbox.com/s/9yc65p7b2hkw9t3/nodejs.tar.gz?dl=1', 'checksum': u'f6b1e4ce34219c981aebbe035aa5036f', 'packagetype': u'puppdet', 'modulename': u'nodejs'}>
2014-06-19 05:38:40,740 - restapi - INFO - packagetype: puppdet
2014-06-19 05:38:40,740 - restapi - INFO - downloadUrl: https://www.dropbox.com/s/9yc65p7b2hkw9t3/nodejs.tar.gz?dl=1
2014-06-19 05:38:40,740 - restapi - INFO - moduleName: nodejs
2014-06-19 05:38:40,740 - restapi - INFO - checkSum: f6b1e4ce34219c981aebbe035aa5036f
2014-06-19 06:55:21,603 - restapi - INFO - accessing /GetModuleStatus
2014-06-19 06:55:21,603 - restapi - INFO - package type  puppet
2014-06-19 06:55:21,608 - restapi - DEBUG - {'inprogress': [], 'error': [], 'installed': ['java', 'nodejs123', 'helleeedsdsdse', 'mysql', 'tomcat', 'agent', 'ruby', 'lb', 'sdasdasda', 'wordpress', 'php']}
2014-06-19 06:55:35,478 - restapi - INFO - accessing /GetModuleStatus
2014-06-19 06:55:35,479 - restapi - INFO - package type  puppetk
2014-06-19 06:56:26,942 - restapi - INFO - accessing /InstallModuel
2014-06-19 06:56:26,943 - restapi - INFO - <Storage {'downloadUrl': u'https://www.dropbox.com/s/9yc65p7b2hkw9t3/nodejs.tar.gz?dl=1', 'checksum': u'f6b1e4ce34219c981aebbe035aa5036f', 'packagetype': u'puppet', 'modulename': u'nodejs'}>
2014-06-19 06:56:26,945 - restapi - INFO - packagetype: puppet
2014-06-19 06:56:26,945 - restapi - INFO - downloadUrl: https://www.dropbox.com/s/9yc65p7b2hkw9t3/nodejs.tar.gz?dl=1
2014-06-19 06:56:26,945 - restapi - INFO - moduleName: nodejs
2014-06-19 06:56:26,945 - restapi - INFO - checkSum: f6b1e4ce34219c981aebbe035aa5036f
2014-06-19 06:56:26,953 - restapi - INFO - we have accepted your request,moudle will be installed soon!!
2014-06-19 06:56:29,653 - restapi - INFO - sudo mv /tmp/nodejs /etc/puppet/modules/
2014-06-19 06:56:35,667 - restapi - INFO - accessing /InstallModuel
2014-06-19 06:56:35,667 - restapi - INFO - <Storage {'downloadUrl': u'https://www.dropbox.com/s/9yc65p7b2hkw9t3/nodejs.tar.gz?dl=1', 'checksum': u'f6b1e4ce34219c981aebbe035aa5036f', 'packagetype': u'puppet', 'modulename': u'nodejs'}>
2014-06-19 06:56:35,667 - restapi - INFO - packagetype: puppet
2014-06-19 06:56:35,668 - restapi - INFO - downloadUrl: https://www.dropbox.com/s/9yc65p7b2hkw9t3/nodejs.tar.gz?dl=1
2014-06-19 06:56:35,668 - restapi - INFO - moduleName: nodejs
2014-06-19 06:56:35,668 - restapi - INFO - checkSum: f6b1e4ce34219c981aebbe035aa5036f
2014-06-19 06:56:35,668 - restapi - INFO - module is already available abort download
2014-06-19 06:56:51,053 - restapi - INFO - accessing /GetModuleInstallationLog
2014-06-19 06:56:51,053 - restapi - INFO - puppet
2014-06-19 06:56:51,054 - restapi - INFO - nodejs
2014-06-19 06:56:51,054 - restapi - INFO - logs/modules/nodejs.log
2014-06-19 06:57:06,543 - restapi - INFO - accessing /GetModuleStatus
2014-06-19 06:57:06,543 - restapi - INFO - package type  puppet
2014-06-19 06:57:06,543 - restapi - INFO - module name nodejs
2014-06-19 06:57:24,495 - restapi - INFO - accessing /GetModuleStatus
2014-06-19 06:57:24,496 - restapi - INFO - package type  puppet
2014-06-19 06:57:24,496 - restapi - INFO - module name nodejs
2014-06-19 06:57:24,496 - restapi - INFO - this is get deployment json
2014-06-19 06:57:24,496 - restapi - INFO - {u'defaultAutoscalingPolicy': u'economyPolicy', u'displayName': u'PHP', u'description': u'PHP Cartridge', u'multiTenant': u'false', u'portMapping': [{u'proxyPort': u'8280', u'protocol': u'http', u'port': u'80'}, {u'proxyPort': u'8243', u'protocol': u'https', u'port': u'443'}], u'iaasProvider': [{u'maxInstanceLimit': u'4', u'property': [{u'name': u'instanceType', u'value': u'RegionOne/2'}, {u'name': u'keyPair', u'value': u'<key_name>'}], u'type': u'openstack', u'imageId': u'RegionOne/<image_id>'}], u'host': u'stratos.com', u'version': u'7', u'provider': u'apache', u'type': u'php', u'loadBalancer': {u'property': {u'name': u'default.load.balancer', u'value': u'true'}, u'type': u'lb'}}
2014-06-19 07:07:22,646 - restapi - INFO - accessing /InstallModuel
2014-06-19 07:07:22,646 - restapi - INFO - <Storage {'downloadUrl': u'https://www.dropbox.com/s/9yc65p7b2hkw9t3/nodejs.tar.gz?dl=1', 'checksum': u'f6b1e4ce34219c981aebbe035aa5036f', 'packagetype': u'puppet', 'modulename': u'nodejs'}>
2014-06-19 07:07:22,646 - restapi - INFO - packagetype: puppet
2014-06-19 07:07:22,646 - restapi - INFO - downloadUrl: https://www.dropbox.com/s/9yc65p7b2hkw9t3/nodejs.tar.gz?dl=1
2014-06-19 07:07:22,647 - restapi - INFO - moduleName: nodejs
2014-06-19 07:07:22,647 - restapi - INFO - checkSum: f6b1e4ce34219c981aebbe035aa5036f
2014-06-19 07:07:22,648 - restapi - INFO - module is already available abort download
2014-06-19 08:40:37,462 - restapi - INFO - accessing /InstallModuel
2014-06-19 08:40:37,463 - restapi - INFO - <Storage {'downloadUrl': u'https://www.dropbox.com/s/9yc65p7b2hkw9t3/nodejs.tar.gz?dl=1', 'checksum': u'f6b1e4ce34219c981aebbe035aa5036f', 'packagetype': u'puppet', 'modulename': u'nodejs'}>
2014-06-19 08:40:37,463 - restapi - INFO - packagetype: puppet
2014-06-19 08:40:37,463 - restapi - INFO - downloadUrl: https://www.dropbox.com/s/9yc65p7b2hkw9t3/nodejs.tar.gz?dl=1
2014-06-19 08:40:37,463 - restapi - INFO - moduleName: nodejs
2014-06-19 08:40:37,463 - restapi - INFO - checkSum: f6b1e4ce34219c981aebbe035aa5036f
2014-06-19 08:40:37,467 - restapi - INFO - we have accepted your request,moudle will be installed soon!!
2014-06-19 08:40:40,424 - restapi - INFO - []
2014-06-19 08:40:40,473 - restapi - INFO - sudo mv /tmp/nodejs /etc/puppet/modules/
2014-06-19 08:41:53,426 - restapi - INFO - accessing /InstallModuel
2014-06-19 08:41:53,427 - restapi - INFO - <Storage {'downloadUrl': u'https://www.dropbox.com/s/9yc65p7b2hkw9t3/nodejs.tar.gz?dl=1', 'checksum': u'f6b1e4ce34219c981aebbe035aa5036f', 'packagetype': u'puppet', 'modulename': u'nodejs'}>
2014-06-19 08:41:53,427 - restapi - INFO - packagetype: puppet
2014-06-19 08:41:53,427 - restapi - INFO - downloadUrl: https://www.dropbox.com/s/9yc65p7b2hkw9t3/nodejs.tar.gz?dl=1
2014-06-19 08:41:53,427 - restapi - INFO - moduleName: nodejs
2014-06-19 08:41:53,427 - restapi - INFO - checkSum: f6b1e4ce34219c981aebbe035aa5036f
2014-06-19 08:41:53,430 - restapi - INFO - module is already available abort download
2014-06-19 08:41:59,240 - restapi - INFO - accessing /InstallModuel
2014-06-19 08:41:59,241 - restapi - INFO - <Storage {'downloadUrl': u'https://www.dropbox.com/s/9yc65p7b2hkw9t3/nodejs.tar.gz?dl=1', 'checksum': u'f6b1e4ce34219c981aebbe035aa5036f', 'packagetype': u'puppet', 'modulename': u'nodejs'}>
2014-06-19 08:41:59,241 - restapi - INFO - packagetype: puppet
2014-06-19 08:41:59,241 - restapi - INFO - downloadUrl: https://www.dropbox.com/s/9yc65p7b2hkw9t3/nodejs.tar.gz?dl=1
2014-06-19 08:41:59,242 - restapi - INFO - moduleName: nodejs
2014-06-19 08:41:59,242 - restapi - INFO - checkSum: f6b1e4ce34219c981aebbe035aa5036f
2014-06-19 08:41:59,250 - restapi - INFO - we have accepted your request,moudle will be installed soon!!
2014-06-19 08:42:02,291 - restapi - INFO - []
2014-06-19 08:42:02,332 - restapi - INFO - sudo mv /tmp/nodejs /etc/puppet/modules/
2014-06-19 08:44:29,373 - restapi - INFO - accessing /InstallModuel
2014-06-19 08:44:29,373 - restapi - INFO - <Storage {'downloadUrl': u'https://www.dropbox.com/s/9yc65p7b2hkw9t3/nodejs.tar.gz?dl=1', 'checksum': u'f6b1e4ce34219c981aebbe035aa5036f', 'packagetype': u'puppet', 'modulename': u'nodejs'}>
2014-06-19 08:44:29,373 - restapi - INFO - packagetype: puppet
2014-06-19 08:44:29,373 - restapi - INFO - downloadUrl: https://www.dropbox.com/s/9yc65p7b2hkw9t3/nodejs.tar.gz?dl=1
2014-06-19 08:44:29,374 - restapi - INFO - moduleName: nodejs
2014-06-19 08:44:29,374 - restapi - INFO - checkSum: f6b1e4ce34219c981aebbe035aa5036f
2014-06-19 08:44:29,375 - restapi - INFO - module is already available abort download
2014-06-19 08:44:44,741 - restapi - INFO - accessing /InstallModuel
2014-06-19 08:44:44,742 - restapi - INFO - <Storage {'downloadUrl': u'https://www.dropbox.com/s/9yc65p7b2hkw9t3/nodejs.tar.gz?dl=1', 'checksum': u'f6b1e4ce34219c981aebbe035aa5036f', 'packagetype': u'puppet', 'modulename': u'nodejs'}>
2014-06-19 08:44:44,742 - restapi - INFO - packagetype: puppet
2014-06-19 08:44:44,742 - restapi - INFO - downloadUrl: https://www.dropbox.com/s/9yc65p7b2hkw9t3/nodejs.tar.gz?dl=1
2014-06-19 08:44:44,743 - restapi - INFO - moduleName: nodejs
2014-06-19 08:44:44,743 - restapi - INFO - checkSum: f6b1e4ce34219c981aebbe035aa5036f
2014-06-19 08:44:44,745 - restapi - INFO - we have accepted your request,moudle will be installed soon!!
2014-06-19 08:44:47,553 - restapi - INFO - ['/tmp/nodejs/nodejs.json']
2014-06-19 08:44:47,591 - restapi - INFO - sudo mv /tmp/nodejs /etc/puppet/modules/
2014-06-19 08:53:47,293 - restapi - INFO - accessing /InstallModuel
2014-06-19 08:53:47,294 - restapi - INFO - <Storage {'downloadUrl': u'https://www.dropbox.com/s/9yc65p7b2hkw9t3/nodejs.tar.gz?dl=1', 'checksum': u'f6b1e4ce34219c981aebbe035aa5036f', 'packagetype': u'puppet', 'modulename': u'nodejs'}>
2014-06-19 08:53:47,296 - restapi - INFO - packagetype: puppet
2014-06-19 08:53:47,296 - restapi - INFO - downloadUrl: https://www.dropbox.com/s/9yc65p7b2hkw9t3/nodejs.tar.gz?dl=1
2014-06-19 08:53:47,296 - restapi - INFO - moduleName: nodejs
2014-06-19 08:53:47,296 - restapi - INFO - checkSum: f6b1e4ce34219c981aebbe035aa5036f
2014-06-19 08:53:47,298 - restapi - INFO - module is already available abort download
2014-06-19 08:53:53,900 - restapi - INFO - accessing /InstallModuel
2014-06-19 08:53:53,900 - restapi - INFO - <Storage {'downloadUrl': u'https://www.dropbox.com/s/9yc65p7b2hkw9t3/nodejs.tar.gz?dl=1', 'checksum': u'f6b1e4ce34219c981aebbe035aa5036f', 'packagetype': u'puppet', 'modulename': u'nodejs'}>
2014-06-19 08:53:53,900 - restapi - INFO - packagetype: puppet
2014-06-19 08:53:53,900 - restapi - INFO - downloadUrl: https://www.dropbox.com/s/9yc65p7b2hkw9t3/nodejs.tar.gz?dl=1
2014-06-19 08:53:53,900 - restapi - INFO - moduleName: nodejs
2014-06-19 08:53:53,900 - restapi - INFO - checkSum: f6b1e4ce34219c981aebbe035aa5036f
2014-06-19 08:53:53,903 - restapi - INFO - we have accepted your request,moudle will be installed soon!!
2014-06-19 08:54:33,888 - restapi - INFO - accessing /InstallModuel
2014-06-19 08:54:33,888 - restapi - INFO - <Storage {'downloadUrl': u'https://www.dropbox.com/s/9yc65p7b2hkw9t3/nodejs.tar.gz?dl=1', 'checksum': u'f6b1e4ce34219c981aebbe035aa5036f', 'packagetype': u'puppet', 'modulename': u'nodejs'}>
2014-06-19 08:54:33,888 - restapi - INFO - packagetype: puppet
2014-06-19 08:54:33,888 - restapi - INFO - downloadUrl: https://www.dropbox.com/s/9yc65p7b2hkw9t3/nodejs.tar.gz?dl=1
2014-06-19 08:54:33,888 - restapi - INFO - moduleName: nodejs
2014-06-19 08:54:33,888 - restapi - INFO - checkSum: f6b1e4ce34219c981aebbe035aa5036f
2014-06-19 08:54:33,892 - restapi - INFO - we have accepted your request,moudle will be installed soon!!
2014-06-19 08:55:10,435 - restapi - INFO - accessing /InstallModuel
2014-06-19 08:55:10,436 - restapi - INFO - <Storage {'downloadUrl': u'https://www.dropbox.com/s/9yc65p7b2hkw9t3/nodejs.tar.gz?dl=1', 'checksum': u'f6b1e4ce34219c981aebbe035aa5036f', 'packagetype': u'puppet', 'modulename': u'nodejs'}>
2014-06-19 08:55:10,436 - restapi - INFO - packagetype: puppet
2014-06-19 08:55:10,436 - restapi - INFO - downloadUrl: https://www.dropbox.com/s/9yc65p7b2hkw9t3/nodejs.tar.gz?dl=1
2014-06-19 08:55:10,436 - restapi - INFO - moduleName: nodejs
2014-06-19 08:55:10,436 - restapi - INFO - checkSum: f6b1e4ce34219c981aebbe035aa5036f
2014-06-19 08:55:10,440 - restapi - INFO - we have accepted your request,moudle will be installed soon!!
2014-06-19 08:55:14,855 - restapi - INFO - ['/tmp/nodejs/nodejs.json']
2014-06-19 08:55:14,856 - restapi - INFO - 1
2014-06-19 08:55:14,894 - restapi - INFO - sudo mv /tmp/nodejs /etc/puppet/modules/
2014-06-19 09:01:33,923 - restapi - INFO - accessing /InstallModuel
2014-06-19 09:01:33,924 - restapi - INFO - <Storage {'downloadUrl': u'https://www.dropbox.com/s/9yc65p7b2hkw9t3/nodejs.tar.gz?dl=1', 'checksum': u'f6b1e4ce34219c981aebbe035aa5036f', 'packagetype': u'puppet', 'modulename': u'nodejs'}>
2014-06-19 09:01:33,924 - restapi - INFO - packagetype: puppet
2014-06-19 09:01:33,924 - restapi - INFO - downloadUrl: https://www.dropbox.com/s/9yc65p7b2hkw9t3/nodejs.tar.gz?dl=1
2014-06-19 09:01:33,924 - restapi - INFO - moduleName: nodejs
2014-06-19 09:01:33,924 - restapi - INFO - checkSum: f6b1e4ce34219c981aebbe035aa5036f
2014-06-19 09:01:33,928 - restapi - INFO - we have accepted your request,moudle will be installed soon!!
2014-06-19 09:02:39,537 - restapi - INFO - accessing /InstallModuel
2014-06-19 09:02:39,538 - restapi - INFO - <Storage {'downloadUrl': u'https://www.dropbox.com/s/9yc65p7b2hkw9t3/nodejs.tar.gz?dl=1', 'checksum': u'f6b1e4ce34219c981aebbe035aa5036f', 'packagetype': u'puppet', 'modulename': u'nodejs'}>
2014-06-19 09:02:39,538 - restapi - INFO - packagetype: puppet
2014-06-19 09:02:39,538 - restapi - INFO - downloadUrl: https://www.dropbox.com/s/9yc65p7b2hkw9t3/nodejs.tar.gz?dl=1
2014-06-19 09:02:39,538 - restapi - INFO - moduleName: nodejs
2014-06-19 09:02:39,539 - restapi - INFO - checkSum: f6b1e4ce34219c981aebbe035aa5036f
2014-06-19 09:02:39,543 - restapi - INFO - we have accepted your request,moudle will be installed soon!!
2014-06-19 09:02:43,582 - restapi - INFO - ['/tmp/nodejs/nodejs.json']
2014-06-19 09:03:23,816 - restapi - INFO - accessing /InstallModuel
2014-06-19 09:03:23,817 - restapi - INFO - <Storage {'downloadUrl': u'https://www.dropbox.com/s/9yc65p7b2hkw9t3/nodejs.tar.gz?dl=1', 'checksum': u'f6b1e4ce34219c981aebbe035aa5036f', 'packagetype': u'puppet', 'modulename': u'nodejs'}>
2014-06-19 09:03:23,817 - restapi - INFO - packagetype: puppet
2014-06-19 09:03:23,817 - restapi - INFO - downloadUrl: https://www.dropbox.com/s/9yc65p7b2hkw9t3/nodejs.tar.gz?dl=1
2014-06-19 09:03:23,817 - restapi - INFO - moduleName: nodejs
2014-06-19 09:03:23,817 - restapi - INFO - checkSum: f6b1e4ce34219c981aebbe035aa5036f
2014-06-19 09:03:23,821 - restapi - INFO - we have accepted your request,moudle will be installed soon!!
2014-06-19 09:03:26,543 - restapi - INFO - ['/tmp/nodejs/nodejs.json']
2014-06-19 09:03:26,543 - restapi - INFO - 1
2014-06-19 09:03:26,584 - restapi - INFO - sudo mv /tmp/nodejs /etc/puppet/modules/
2014-06-19 09:03:54,353 - restapi - INFO - accessing /InstallModuel
2014-06-19 09:03:54,354 - restapi - INFO - <Storage {'downloadUrl': u'https://www.dropbox.com/s/9yc65p7b2hkw9t3/nodejs.tar.gz?dl=1', 'checksum': u'f6b1e4ce34219c981aebbe035aa5036f', 'packagetype': u'puppet', 'modulename': u'nodejs'}>
2014-06-19 09:03:54,354 - restapi - INFO - packagetype: puppet
2014-06-19 09:03:54,354 - restapi - INFO - downloadUrl: https://www.dropbox.com/s/9yc65p7b2hkw9t3/nodejs.tar.gz?dl=1
2014-06-19 09:03:54,355 - restapi - INFO - moduleName: nodejs
2014-06-19 09:03:54,355 - restapi - INFO - checkSum: f6b1e4ce34219c981aebbe035aa5036f
2014-06-19 09:03:54,357 - restapi - INFO - module is already available abort download
2014-06-19 09:03:58,928 - restapi - INFO - accessing /InstallModuel
2014-06-19 09:03:58,928 - restapi - INFO - <Storage {'downloadUrl': u'https://www.dropbox.com/s/9yc65p7b2hkw9t3/nodejs.tar.gz?dl=1', 'checksum': u'f6b1e4ce34219c981aebbe035aa5036f', 'packagetype': u'puppet', 'modulename': u'nodejs'}>
2014-06-19 09:03:58,930 - restapi - INFO - packagetype: puppet
2014-06-19 09:03:58,930 - restapi - INFO - downloadUrl: https://www.dropbox.com/s/9yc65p7b2hkw9t3/nodejs.tar.gz?dl=1
2014-06-19 09:03:58,930 - restapi - INFO - moduleName: nodejs
2014-06-19 09:03:58,930 - restapi - INFO - checkSum: f6b1e4ce34219c981aebbe035aa5036f
2014-06-19 09:03:58,933 - restapi - INFO - we have accepted your request,moudle will be installed soon!!
2014-06-19 09:04:01,655 - restapi - INFO - ['/tmp/nodejs/nodejs.json']
2014-06-19 09:04:01,655 - restapi - INFO - 1
2014-06-19 09:12:15,320 - restapi - INFO - accessing /InstallModuel
2014-06-19 09:12:15,320 - restapi - INFO - <Storage {'downloadUrl': u'https://www.dropbox.com/s/9yc65p7b2hkw9t3/nodejs.tar.gz?dl=1', 'checksum': u'f6b1e4ce34219c981aebbe035aa5036f', 'packagetype': u'puppet', 'modulename': u'nodejs'}>
2014-06-19 09:12:15,320 - restapi - INFO - packagetype: puppet
2014-06-19 09:12:15,320 - restapi - INFO - downloadUrl: https://www.dropbox.com/s/9yc65p7b2hkw9t3/nodejs.tar.gz?dl=1
2014-06-19 09:12:15,320 - restapi - INFO - moduleName: nodejs
2014-06-19 09:12:15,320 - restapi - INFO - checkSum: f6b1e4ce34219c981aebbe035aa5036f
2014-06-19 09:12:15,324 - restapi - INFO - we have accepted your request,moudle will be installed soon!!
2014-06-19 09:12:18,121 - restapi - INFO - ['/tmp/nodejs/nodejs.json']
2014-06-19 09:12:18,121 - restapi - INFO - 1
2014-06-19 09:12:18,157 - restapi - INFO - sudo mv /tmp/nodejs /etc/puppet/modules/
2014-06-19 09:16:27,469 - restapi - INFO - accessing /InstallModuel
2014-06-19 09:16:27,470 - restapi - INFO - <Storage {'downloadUrl': u'https://www.dropbox.com/s/9yc65p7b2hkw9t3/nodejs.tar.gz?dl=1', 'checksum': u'f6b1e4ce34219c981aebbe035aa5036f', 'packagetype': u'puppet', 'modulename': u'nodejs'}>
2014-06-19 09:16:27,470 - restapi - INFO - packagetype: puppet
2014-06-19 09:16:27,470 - restapi - INFO - downloadUrl: https://www.dropbox.com/s/9yc65p7b2hkw9t3/nodejs.tar.gz?dl=1
2014-06-19 09:16:27,470 - restapi - INFO - moduleName: nodejs
2014-06-19 09:16:27,470 - restapi - INFO - checkSum: f6b1e4ce34219c981aebbe035aa5036f
2014-06-19 09:16:27,474 - restapi - INFO - we have accepted your request,moudle will be installed soon!!
2014-06-19 09:16:30,877 - restapi - INFO - ['/tmp/nodejs/nodejs.json']
2014-06-19 09:16:30,877 - restapi - INFO - 1
2014-06-19 09:16:30,907 - restapi - INFO - sudo mv /tmp/nodejs /etc/puppet/modules/
2014-06-19 09:24:34,375 - restapi - INFO - accessing /InstallModuel
2014-06-19 09:24:34,375 - restapi - INFO - <Storage {'downloadUrl': u'https://www.dropbox.com/s/9yc65p7b2hkw9t3/nodejs.tar.gz?dl=1', 'checksum': u'f6b1e4ce34219c981aebbe035aa5036f', 'packagetype': u'puppet', 'modulename': u'nodejs'}>
2014-06-19 09:24:34,376 - restapi - INFO - packagetype: puppet
2014-06-19 09:24:34,376 - restapi - INFO - downloadUrl: https://www.dropbox.com/s/9yc65p7b2hkw9t3/nodejs.tar.gz?dl=1
2014-06-19 09:24:34,376 - restapi - INFO - moduleName: nodejs
2014-06-19 09:24:34,376 - restapi - INFO - checkSum: f6b1e4ce34219c981aebbe035aa5036f
2014-06-19 09:24:34,380 - restapi - INFO - we have accepted your request,moudle will be installed soon!!
2014-06-19 09:24:37,137 - restapi - INFO - ['/tmp/nodejs/nodejs.json']
2014-06-19 09:24:37,137 - restapi - INFO - 1
2014-06-19 09:24:37,234 - restapi - INFO - sudo mv /tmp/nodejs /etc/puppet/modules/
2014-06-19 09:28:02,323 - restapi - INFO - accessing /InstallModuel
2014-06-19 09:28:02,323 - restapi - INFO - <Storage {'downloadUrl': u'https://www.dropbox.com/s/9yc65p7b2hkw9t3/nodejs.tar.gz?dl=1', 'checksum': u'f6b1e4ce34219c981aebbe035aa5036f', 'packagetype': u'puppet', 'modulename': u'nodejs'}>
2014-06-19 09:28:02,324 - restapi - INFO - packagetype: puppet
2014-06-19 09:28:02,324 - restapi - INFO - downloadUrl: https://www.dropbox.com/s/9yc65p7b2hkw9t3/nodejs.tar.gz?dl=1
2014-06-19 09:28:02,324 - restapi - INFO - moduleName: nodejs
2014-06-19 09:28:02,324 - restapi - INFO - checkSum: f6b1e4ce34219c981aebbe035aa5036f
2014-06-19 09:28:02,328 - restapi - INFO - we have accepted your request,moudle will be installed soon!!
2014-06-19 09:28:06,021 - restapi - INFO - ['/tmp/nodejs/nodejs.json']
2014-06-19 09:28:06,022 - restapi - INFO - 1
2014-06-19 09:28:06,180 - restapi - INFO - sudo mv /tmp/nodejs /etc/puppet/modules/
2014-06-19 09:30:34,594 - restapi - INFO - accessing /InstallModuel
2014-06-19 09:30:34,595 - restapi - INFO - <Storage {'downloadUrl': u'https://www.dropbox.com/s/9yc65p7b2hkw9t3/nodejs.tar.gz?dl=1', 'checksum': u'f6b1e4ce34219c981aebbe035aa5036f', 'packagetype': u'puppet', 'modulename': u'nodejs'}>
2014-06-19 09:30:34,595 - restapi - INFO - packagetype: puppet
2014-06-19 09:30:34,595 - restapi - INFO - downloadUrl: https://www.dropbox.com/s/9yc65p7b2hkw9t3/nodejs.tar.gz?dl=1
2014-06-19 09:30:34,595 - restapi - INFO - moduleName: nodejs
2014-06-19 09:30:34,595 - restapi - INFO - checkSum: f6b1e4ce34219c981aebbe035aa5036f
2014-06-19 09:30:34,600 - restapi - INFO - we have accepted your request,moudle will be installed soon!!
2014-06-19 09:30:38,963 - restapi - INFO - ['/tmp/nodejs/nodejs.json']
2014-06-19 09:30:38,963 - restapi - INFO - 1
2014-06-19 09:30:38,964 - restapi - INFO - json destination deploymentjsonsnodejs.json
2014-06-19 09:30:39,043 - restapi - INFO - sudo mv /tmp/nodejs /etc/puppet/modules/
2014-06-19 09:34:16,569 - restapi - INFO - accessing /InstallModuel
2014-06-19 09:34:16,569 - restapi - INFO - <Storage {'downloadUrl': u'https://www.dropbox.com/s/9yc65p7b2hkw9t3/nodejs.tar.gz?dl=1', 'checksum': u'f6b1e4ce34219c981aebbe035aa5036f', 'packagetype': u'puppet', 'modulename': u'nodejs'}>
2014-06-19 09:34:16,569 - restapi - INFO - packagetype: puppet
2014-06-19 09:34:16,569 - restapi - INFO - downloadUrl: https://www.dropbox.com/s/9yc65p7b2hkw9t3/nodejs.tar.gz?dl=1
2014-06-19 09:34:16,570 - restapi - INFO - moduleName: nodejs
2014-06-19 09:34:16,570 - restapi - INFO - checkSum: f6b1e4ce34219c981aebbe035aa5036f
2014-06-19 09:34:16,574 - restapi - INFO - we have accepted your request,moudle will be installed soon!!
2014-06-19 09:34:20,101 - restapi - INFO - ['/tmp/nodejs/nodejs.json']
2014-06-19 09:34:20,101 - restapi - INFO - 1
2014-06-19 09:34:20,102 - restapi - INFO - json destination deploymentjsons/nodejs.json
2014-06-19 09:34:20,253 - restapi - INFO - sudo mv /tmp/nodejs /etc/puppet/modules/
2014-06-19 09:36:53,460 - restapi - INFO - accessing /GetModuleStatus
2014-06-19 09:36:53,460 - restapi - INFO - package type  puppet
2014-06-19 09:36:53,460 - restapi - INFO - module name nodejs
2014-06-19 09:36:53,460 - restapi - INFO - this is get deployment json
2014-06-19 09:36:53,460 - restapi - INFO - {u'defaultAutoscalingPolicy': u'economyPolicy', u'displayName': u'PHP', u'description': u'PHP Cartridge', u'multiTenant': u'false', u'portMapping': [{u'proxyPort': u'8280', u'protocol': u'http', u'port': u'80'}, {u'proxyPort': u'8243', u'protocol': u'https', u'port': u'443'}], u'iaasProvider': [{u'maxInstanceLimit': u'4', u'property': [{u'name': u'instanceType', u'value': u'RegionOne/2'}, {u'name': u'keyPair', u'value': u'<key_name>'}], u'type': u'openstack', u'imageId': u'RegionOne/<image_id>'}], u'host': u'stratos.com', u'version': u'7', u'provider': u'apache', u'type': u'php', u'loadBalancer': {u'property': {u'name': u'default.load.balancer', u'value': u'true'}, u'type': u'lb'}}
2014-06-19 09:53:57,187 - restapi - INFO - accessing /GetModuleStatus
2014-06-19 09:53:57,187 - restapi - INFO - package type  puppet
2014-06-19 09:53:57,187 - restapi - INFO - module name nodejs
2014-06-19 09:53:57,188 - restapi - INFO - this is get deployment json
2014-06-19 09:53:57,188 - restapi - INFO - {u'defaultAutoscalingPolicy': u'economyPolicy', u'displayName': u'PHP', u'description': u'PHP Cartridge', u'multiTenant': u'false', u'portMapping': [{u'proxyPort': u'8280', u'protocol': u'http', u'port': u'80'}, {u'proxyPort': u'8243', u'protocol': u'https', u'port': u'443'}], u'iaasProvider': [{u'maxInstanceLimit': u'4', u'property': [{u'name': u'instanceType', u'value': u'RegionOne/2'}, {u'name': u'keyPair', u'value': u'<key_name>'}], u'type': u'openstack', u'imageId': u'RegionOne/<image_id>'}], u'host': u'stratos.com', u'version': u'7', u'provider': u'apache', u'type': u'php', u'loadBalancer': {u'property': {u'name': u'default.load.balancer', u'value': u'true'}, u'type': u'lb'}}
2014-06-19 11:31:56,838 - restapi - INFO - accessing /GetModuleStatus
2014-06-19 11:31:56,839 - restapi - INFO - package type  puppet
2014-06-19 11:31:56,839 - restapi - INFO - module name nodejs
2014-06-20 08:27:18,146 - restapi - INFO - accessing /GetModuleStatus
2014-06-20 08:27:18,146 - restapi - INFO - package type  puppet
2014-06-20 08:27:18,146 - restapi - INFO - module name nodejs
2014-06-20 08:27:18,147 - restapi - INFO - this is get deployment json
2014-06-21 06:19:51,831 - restapi - INFO - accessing /GetModuleStatus
2014-06-21 06:19:51,831 - restapi - INFO - package type  puppet
2014-06-21 06:19:51,834 - restapi - DEBUG - {'inprogress': [], 'error': [], 'installed': ['media', 'java', 'nodejs123', 'helleeedsdsdse', 'mysql', 'tomcat', 'agent', 'nodejs', 'ruby', 'lb', 'sdasdasda', 'wordpress', 'php']}
2014-06-21 06:20:41,609 - restapi - INFO - accessing /GetModuleStatus
2014-06-21 06:20:41,610 - restapi - INFO - package type  puppet
2014-06-21 06:20:41,611 - restapi - DEBUG - {'inprogress': [], 'error': [], 'installed': ['media', 'java', 'nodejs123', 'helleeedsdsdse', 'mysql', 'tomcat', 'agent', 'nodejs', 'ruby', 'lb', 'sdasdasda', 'wordpress', 'php']}
2014-06-21 06:27:10,831 - restapi - INFO - accessing /GetModuleStatus
2014-06-21 06:27:10,832 - restapi - INFO - package type  puppet
2014-06-21 06:27:10,832 - restapi - DEBUG - {'inprogress': [], 'error': [], 'installed': ['media', 'java', 'nodejs123', 'helleeedsdsdse', 'mysql', 'tomcat', 'agent', 'nodejs', 'ruby', 'lb', 'sdasdasda', 'wordpress', 'php']}
2014-06-21 06:27:21,847 - restapi - INFO - accessing /GetModuleStatus
2014-06-21 06:27:21,848 - restapi - INFO - package type  puppet
2014-06-21 06:27:21,848 - restapi - DEBUG - {'inprogress': [], 'error': [], 'installed': ['media', 'java', 'nodejs123', 'helleeedsdsdse', 'mysql', 'tomcat', 'agent', 'nodejs', 'ruby', 'lb', 'sdasdasda', 'wordpress', 'php']}
2014-06-21 06:27:29,145 - restapi - INFO - accessing /GetModuleStatus
2014-06-21 06:27:29,146 - restapi - INFO - package type  puppet
2014-06-21 06:27:29,146 - restapi - DEBUG - {'inprogress': [], 'error': [], 'installed': ['media', 'java', 'nodejs123', 'helleeedsdsdse', 'mysql', 'tomcat', 'agent', 'nodejs', 'ruby', 'lb', 'sdasdasda', 'wordpress', 'php']}
2014-06-21 06:47:36,173 - restapi - INFO - You are accessing /
2014-06-21 06:47:38,984 - restapi - INFO - You are accessing /
2014-06-21 06:48:40,505 - restapi - INFO - You are accessing /
2014-06-21 06:58:52,024 - restapi - INFO - User Granted..
2014-06-21 06:58:56,676 - restapi - INFO - You are accessing /
2014-06-21 06:59:04,739 - restapi - INFO - accessing /GetModuleStatus
2014-06-21 06:59:04,740 - restapi - INFO - package type  puppet
2014-06-21 06:59:04,744 - restapi - DEBUG - {'inprogress': [], 'error': [], 'installed': ['media', 'java', 'nodejs123', 'helleeedsdsdse', 'mysql', 'tomcat', 'agent', 'nodejs', 'ruby', 'lb', 'sdasdasda', 'wordpress', 'php']}
2014-06-21 06:59:35,335 - restapi - INFO - accessing /GetModuleStatus
2014-06-21 06:59:35,335 - restapi - INFO - package type  puppet
2014-06-21 06:59:35,338 - restapi - DEBUG - {'inprogress': [], 'error': [], 'installed': ['media', 'java', 'nodejs123', 'helleeedsdsdse', 'mysql', 'tomcat', 'agent', 'nodejs', 'ruby', 'lb', 'sdasdasda', 'wordpress', 'php']}
2014-06-21 07:04:17,325 - restapi - INFO - accessing /GetModuleStatus
2014-06-21 07:04:17,325 - restapi - INFO - package type  puppet
2014-06-21 07:04:17,327 - restapi - DEBUG - {'inprogress': [], 'error': [], 'installed': ['media', 'java', 'nodejs123', 'helleeedsdsdse', 'mysql', 'tomcat', 'agent', 'nodejs', 'ruby', 'lb', 'sdasdasda', 'wordpress', 'php']}
2014-06-21 07:05:43,382 - restapi - INFO - password hell1o
2014-06-21 07:05:43,382 - restapi - INFO - username jon
2014-06-21 07:05:43,382 - restapi - INFO - accessing /GetModuleStatus
2014-06-21 07:05:43,382 - restapi - INFO - package type  puppet
2014-06-21 07:05:43,387 - restapi - DEBUG - {'inprogress': [], 'error': [], 'installed': ['media', 'java', 'nodejs123', 'helleeedsdsdse', 'mysql', 'tomcat', 'agent', 'nodejs', 'ruby', 'lb', 'sdasdasda', 'wordpress', 'php']}
2014-06-21 07:12:54,971 - restapi - INFO - password hell1o
2014-06-21 07:12:54,971 - restapi - INFO - username jon
2014-06-21 07:13:03,643 - restapi - INFO - password pass1
2014-06-21 07:13:03,644 - restapi - INFO - username jon
2014-06-21 07:14:36,431 - restapi - INFO - password pass1
2014-06-21 07:14:36,432 - restapi - INFO - username jon
2014-06-21 07:15:19,403 - restapi - INFO - password pass1
2014-06-21 07:15:19,403 - restapi - INFO - username jon
2014-06-21 07:15:19,404 - restapi - INFO - accessing /GetModuleStatus
2014-06-21 07:15:19,404 - restapi - INFO - package type  puppet
2014-06-21 07:15:19,406 - restapi - DEBUG - {'inprogress': [], 'error': [], 'installed': ['media', 'java', 'nodejs123', 'helleeedsdsdse', 'mysql', 'tomcat', 'agent', 'nodejs', 'ruby', 'lb', 'sdasdasda', 'wordpress', 'php']}
2014-06-21 07:15:28,555 - restapi - INFO - password sspass1
2014-06-21 07:15:28,556 - restapi - INFO - username jon
2014-06-21 07:15:34,148 - restapi - INFO - password pass1
2014-06-21 07:15:34,149 - restapi - INFO - username jon
2014-06-21 07:15:34,149 - restapi - INFO - accessing /GetModuleStatus
2014-06-21 07:15:34,149 - restapi - INFO - package type  puppet
2014-06-21 07:15:34,149 - restapi - DEBUG - {'inprogress': [], 'error': [], 'installed': ['media', 'java', 'nodejs123', 'helleeedsdsdse', 'mysql', 'tomcat', 'agent', 'nodejs', 'ruby', 'lb', 'sdasdasda', 'wordpress', 'php']}
2014-06-21 07:16:22,139 - restapi - INFO - accessing /GetModuleStatus
2014-06-21 07:16:22,140 - restapi - INFO - package type  puppet
2014-06-21 07:16:22,141 - restapi - DEBUG - {'inprogress': [], 'error': [], 'installed': ['media', 'java', 'nodejs123', 'helleeedsdsdse', 'mysql', 'tomcat', 'agent', 'nodejs', 'ruby', 'lb', 'sdasdasda', 'wordpress', 'php']}
2014-06-21 07:17:41,442 - restapi - INFO - accessing /InstallModuel
2014-06-21 07:17:41,443 - restapi - INFO - <Storage {'downloadUrl': u'https://www.dropbox.com/s/9yc65p7b2hkw9t3/nodejs.tar.gz?dl=1', 'checksum': u'f6b1e4ce34219c981aebbe035aa5036f', 'packagetype': u'puppet', 'modulename': u'nodejs'}>
2014-06-21 07:17:41,443 - restapi - INFO - packagetype: puppet
2014-06-21 07:17:41,443 - restapi - INFO - downloadUrl: https://www.dropbox.com/s/9yc65p7b2hkw9t3/nodejs.tar.gz?dl=1
2014-06-21 07:17:41,444 - restapi - INFO - moduleName: nodejs
2014-06-21 07:17:41,444 - restapi - INFO - checkSum: f6b1e4ce34219c981aebbe035aa5036f
2014-06-21 07:17:41,446 - restapi - INFO - we have accepted your request,moudle will be installed soon!!
2014-06-21 07:17:46,402 - restapi - INFO - ['/tmp/nodejs/nodejs.json']
2014-06-21 07:17:46,402 - restapi - INFO - 1
2014-06-21 07:17:46,402 - restapi - INFO - json destination deploymentjsons/nodejs.json
2014-06-21 07:17:46,564 - restapi - INFO - sudo mv /tmp/nodejs /etc/puppet/modules/
2014-06-21 07:17:56,971 - restapi - INFO - accessing /GetModuleInstallationLog
2014-06-21 07:17:56,972 - restapi - INFO - puppet
2014-06-21 07:17:56,972 - restapi - INFO - nodejs
2014-06-21 07:17:56,972 - restapi - INFO - logs/modules/nodejs.log
2014-06-21 07:18:42,473 - restapi - INFO - accessing /GetModuleInstallationLog
2014-06-21 07:18:42,474 - restapi - INFO - puppet
2014-06-21 07:18:42,474 - restapi - INFO - nodejs
2014-06-21 07:18:42,474 - restapi - INFO - logs/modules/nodejs.log
2014-06-21 07:18:50,170 - restapi - INFO - accessing /GetModuleStatus
2014-06-21 07:18:50,171 - restapi - INFO - package type  puppet
2014-06-21 07:18:50,171 - restapi - INFO - module name nodejs
2014-06-21 07:19:04,623 - restapi - INFO - accessing /GetModuleStatus
2014-06-21 07:19:04,623 - restapi - INFO - package type  puppet
2014-06-21 07:19:04,623 - restapi - INFO - module name nodejs
2014-06-21 07:19:04,623 - restapi - INFO - this is get deployment json
2014-06-21 07:19:04,624 - restapi - INFO - {u'defaultAutoscalingPolicy': u'economyPolicy', u'displayName': u'PHP', u'description': u'PHP Cartridge', u'multiTenant': u'false', u'portMapping': [{u'proxyPort': u'8280', u'protocol': u'http', u'port': u'80'}, {u'proxyPort': u'8243', u'protocol': u'https', u'port': u'443'}], u'iaasProvider': [{u'maxInstanceLimit': u'4', u'property': [{u'name': u'instanceType', u'value': u'RegionOne/2'}, {u'name': u'keyPair', u'value': u'<key_name>'}], u'type': u'openstack', u'imageId': u'RegionOne/<image_id>'}], u'host': u'stratos.com', u'version': u'7', u'provider': u'apache', u'type': u'php', u'loadBalancer': {u'property': {u'name': u'default.load.balancer', u'value': u'true'}, u'type': u'lb'}}
2014-06-21 07:21:40,879 - restapi - INFO - You are accessing /
2014-06-21 07:22:03,158 - restapi - INFO - You are accessing /
2014-06-21 07:22:09,738 - restapi - INFO - accessing /GetModuleStatus
2014-06-21 07:22:09,738 - restapi - INFO - package type  puppet
2014-06-21 07:22:09,741 - restapi - DEBUG - {'inprogress': [], 'error': [], 'installed': ['media', 'java', 'nodejs123', 'helleeedsdsdse', 'mysql', 'tomcat', 'agent', 'ruby', 'lb', 'sdasdasda', 'wordpress', 'php']}
2014-06-21 07:22:42,726 - restapi - INFO - accessing /InstallModuel
2014-06-21 07:22:42,726 - restapi - INFO - <Storage {'downloadUrl': u'https://www.dropbox.com/s/9yc65p7b2hkw9t3/nodejs.tar.gz?dl=1', 'checksum': u'f6b1e4ce34219c981aebbe035aa5036f', 'packagetype': u'puppet', 'modulename': u'nodejs'}>
2014-06-21 07:22:42,727 - restapi - INFO - packagetype: puppet
2014-06-21 07:22:42,727 - restapi - INFO - downloadUrl: https://www.dropbox.com/s/9yc65p7b2hkw9t3/nodejs.tar.gz?dl=1
2014-06-21 07:22:42,727 - restapi - INFO - moduleName: nodejs
2014-06-21 07:22:42,727 - restapi - INFO - checkSum: f6b1e4ce34219c981aebbe035aa5036f
2014-06-21 07:22:42,730 - restapi - INFO - we have accepted your request,moudle will be installed soon!!
2014-06-21 07:22:45,995 - restapi - INFO - ['/tmp/nodejs/nodejs.json']
2014-06-21 07:22:45,995 - restapi - INFO - 1
2014-06-21 07:22:45,995 - restapi - INFO - json destination deploymentjsons/nodejs.json
2014-06-21 07:22:46,143 - restapi - INFO - sudo mv /tmp/nodejs /etc/puppet/modules/
2014-06-21 07:23:14,099 - restapi - INFO - accessing /GetModuleInstallationLog
2014-06-21 07:23:14,099 - restapi - INFO - puppet
2014-06-21 07:23:14,099 - restapi - INFO - nodejs
2014-06-21 07:23:14,100 - restapi - INFO - logs/modules/nodejs.log
2014-06-21 07:23:33,497 - restapi - INFO - accessing /GetModuleStatus
2014-06-21 07:23:33,498 - restapi - INFO - package type  puppet
2014-06-21 07:23:33,498 - restapi - INFO - module name nodejs
2014-06-21 07:23:59,862 - restapi - INFO - accessing /GetModuleStatus
2014-06-21 07:23:59,862 - restapi - INFO - package type  puppet
2014-06-21 07:23:59,862 - restapi - INFO - module name nodejs
2014-06-21 07:23:59,862 - restapi - INFO - this is get deployment json
2014-06-21 07:23:59,862 - restapi - INFO - {u'defaultAutoscalingPolicy': u'economyPolicy', u'displayName': u'PHP', u'description': u'PHP Cartridge', u'multiTenant': u'false', u'portMapping': [{u'proxyPort': u'8280', u'protocol': u'http', u'port': u'80'}, {u'proxyPort': u'8243', u'protocol': u'https', u'port': u'443'}], u'iaasProvider': [{u'maxInstanceLimit': u'4', u'property': [{u'name': u'instanceType', u'value': u'RegionOne/2'}, {u'name': u'keyPair', u'value': u'<key_name>'}], u'type': u'openstack', u'imageId': u'RegionOne/<image_id>'}], u'host': u'stratos.com', u'version': u'7', u'provider': u'apache', u'type': u'php', u'loadBalancer': {u'property': {u'name': u'default.load.balancer', u'value': u'true'}, u'type': u'lb'}}
2014-06-21 07:33:38,830 - restapi - INFO - You are accessing /
2014-06-21 07:33:49,923 - restapi - INFO - You are accessing /
2014-06-21 07:37:22,399 - restapi - INFO - You are accessing /
2014-06-22 10:13:19,720 - restapi - INFO - accessing /GetModuleStatus
2014-06-22 10:13:19,720 - restapi - INFO - package type  puppet
2014-06-22 10:13:19,723 - restapi - DEBUG - {'inprogress': [], 'error': [], 'installed': ['media', 'java', 'nodejs123', 'helleeedsdsdse', 'mysql', 'tomcat', 'agent', 'nodejs', 'ruby', 'lb', 'sdasdasda', 'wordpress', 'php']}
2014-06-22 10:21:29,658 - restapi - INFO - accessing /GetModuleStatus
2014-06-22 10:21:29,659 - restapi - INFO - package type  puppetd
2014-06-22 11:32:51,343 - restapi - INFO - accessing /InstallModuel
2014-06-22 11:32:51,344 - restapi - INFO - <Storage {'downloadUrl': u'https://www.dropbox.com/s/9yc65p7b2hkw9t3/nodejs.tar.gz?dl=1', 'checksum': u'f6b1e4ce34219c981aebbe035aa5036f', 'packagetype': u'puppet', 'modulename': u'nodejs'}>
2014-06-22 11:32:51,344 - restapi - INFO - packagetype: puppet
2014-06-22 11:32:51,344 - restapi - INFO - downloadUrl: https://www.dropbox.com/s/9yc65p7b2hkw9t3/nodejs.tar.gz?dl=1
2014-06-22 11:32:51,344 - restapi - INFO - moduleName: nodejs
2014-06-22 11:32:51,344 - restapi - INFO - checkSum: f6b1e4ce34219c981aebbe035aa5036f
2014-06-22 11:32:51,347 - restapi - INFO - we have accepted your request,moudle will be installed soon!!
2014-06-22 11:32:55,352 - restapi - INFO - ['/tmp/nodejs/nodejs.json']
2014-06-22 11:32:55,353 - restapi - INFO - 1
2014-06-22 11:32:55,353 - restapi - INFO - json destination deploymentjsons/nodejs.json
2014-06-22 11:32:55,470 - restapi - INFO - sudo mv /tmp/nodejs /etc/puppet/modules/
2014-06-22 11:36:42,690 - restapi - INFO - accessing /InstallModuel
2014-06-22 11:36:42,690 - restapi - INFO - <Storage {'downloadUrl': u'https://www.dropbox.com/s/9yc65p7b2hkw9t3/nodejs.tar.gz?dl=1', 'checksum': u'f6b1e4ce34219c981aebbe035aa5036f', 'packagetype': u'puppet', 'modulename': u'nodejs'}>
2014-06-22 11:36:42,690 - restapi - INFO - packagetype: puppet
2014-06-22 11:36:42,691 - restapi - INFO - downloadUrl: https://www.dropbox.com/s/9yc65p7b2hkw9t3/nodejs.tar.gz?dl=1
2014-06-22 11:36:42,691 - restapi - INFO - moduleName: nodejs
2014-06-22 11:36:42,691 - restapi - INFO - checkSum: f6b1e4ce34219c981aebbe035aa5036f
2014-06-22 11:36:42,691 - restapi - INFO - module is already available abort download
2014-06-22 11:41:34,209 - restapi - INFO - accessing /GetModuleStatus
2014-06-22 11:41:34,209 - restapi - INFO - package type  puppet
2014-06-22 11:41:34,209 - restapi - INFO - module name nodejs
2014-06-22 11:58:54,187 - restapi - INFO - accessing /GetModuleStatus
2014-06-22 11:58:54,188 - restapi - INFO - package type  pupdpet
2014-06-22 11:58:54,188 - restapi - INFO - module name nodejs
2014-06-22 11:59:31,996 - restapi - INFO - accessing /GetModuleStatus
2014-06-22 11:59:31,997 - restapi - INFO - package type  pupdpet
2014-06-22 11:59:31,997 - restapi - INFO - module name nodedjs
2014-06-22 11:59:52,913 - restapi - INFO - accessing /GetModuleStatus
2014-06-22 11:59:52,913 - restapi - INFO - package type  puppet
2014-06-22 11:59:52,913 - restapi - INFO - module name nodedjs
2014-06-22 12:19:56,459 - restapi - INFO - accessing /GetModuleInstallationLog
2014-06-22 12:19:56,459 - restapi - INFO - puppet
2014-06-22 12:19:56,459 - restapi - INFO - nodejs
2014-06-22 12:19:56,459 - restapi - INFO - logs/modules/nodejs.log
2014-06-22 12:20:08,117 - restapi - INFO - accessing /GetModuleStatus
2014-06-22 12:20:08,117 - restapi - INFO - package type  puppet
2014-06-22 12:20:08,117 - restapi - INFO - module name nodejs
2014-06-22 12:20:08,117 - restapi - INFO - this is get deployment json
2014-06-22 12:20:08,117 - restapi - INFO - {u'defaultAutoscalingPolicy': u'economyPolicy', u'displayName': u'PHP', u'description': u'PHP Cartridge', u'multiTenant': u'false', u'portMapping': [{u'proxyPort': u'8280', u'protocol': u'http', u'port': u'80'}, {u'proxyPort': u'8243', u'protocol': u'https', u'port': u'443'}], u'iaasProvider': [{u'maxInstanceLimit': u'4', u'property': [{u'name': u'instanceType', u'value': u'RegionOne/2'}, {u'name': u'keyPair', u'value': u'<key_name>'}], u'type': u'openstack', u'imageId': u'RegionOne/<image_id>'}], u'host': u'stratos.com', u'version': u'7', u'provider': u'apache', u'type': u'php', u'loadBalancer': {u'property': {u'name': u'default.load.balancer', u'value': u'true'}, u'type': u'lb'}}
2014-06-22 14:13:25,817 - restapi - INFO - accessing /InstallModuel
2014-06-22 14:13:25,817 - restapi - INFO - <Storage {'downloadUrl': u'https://www.dropbox.com/s/9yc65p7b2hkw9t3/nodejs.tar.gz?dl=1', 'checksum': u'f6b1e4ce34219c981aebbe035aa5036f', 'packagetype': u'puppet', 'modulename': u'nodejs'}>
2014-06-22 14:13:25,817 - restapi - INFO - packagetype: puppet
2014-06-22 14:13:25,817 - restapi - INFO - downloadUrl: https://www.dropbox.com/s/9yc65p7b2hkw9t3/nodejs.tar.gz?dl=1
2014-06-22 14:13:25,817 - restapi - INFO - moduleName: nodejs
2014-06-22 14:13:25,817 - restapi - INFO - checkSum: f6b1e4ce34219c981aebbe035aa5036f
2014-06-22 14:13:25,821 - restapi - INFO - we have accepted your request,moudle will be installed soon!!
2014-06-22 14:13:29,496 - restapi - INFO - ['/tmp/nodejs/nodejs.json']
2014-06-22 14:13:29,496 - restapi - INFO - 1
2014-06-22 14:13:29,496 - restapi - INFO - json destination deploymentjsons/nodejs.json
2014-06-22 14:13:29,634 - restapi - INFO - sudo mv /tmp/nodejs /etc/puppet/modules/
2014-06-22 14:42:09,217 - restapi - INFO - accessing /GetModuleStatus
2014-06-22 14:42:09,218 - restapi - INFO - package type  puppet
2014-06-22 14:42:09,219 - restapi - INFO - module name nodejs
2014-06-22 14:42:09,219 - restapi - INFO - this is get deployment json
2014-06-22 14:42:09,219 - restapi - INFO - {u'defaultAutoscalingPolicy': u'economyPolicy', u'displayName': u'PHP', u'description': u'PHP Cartridge', u'multiTenant': u'false', u'portMapping': [{u'proxyPort': u'8280', u'protocol': u'http', u'port': u'80'}, {u'proxyPort': u'8243', u'protocol': u'https', u'port': u'443'}], u'iaasProvider': [{u'maxInstanceLimit': u'4', u'property': [{u'name': u'instanceType', u'value': u'RegionOne/2'}, {u'name': u'keyPair', u'value': u'<key_name>'}], u'type': u'openstack', u'imageId': u'RegionOne/<image_id>'}], u'host': u'stratos.com', u'version': u'7', u'provider': u'apache', u'type': u'php', u'loadBalancer': {u'property': {u'name': u'default.load.balancer', u'value': u'true'}, u'type': u'lb'}}
2014-06-22 14:52:47,462 - restapi - INFO - accessing /GetModuleStatus
2014-06-22 14:52:47,462 - restapi - INFO - package type  puppet
2014-06-22 14:52:47,463 - restapi - INFO - module name nodejs
2014-06-22 14:52:47,463 - restapi - INFO - this is get deployment json
2014-06-22 14:52:47,463 - restapi - DEBUG - error while reading deployment json :global name 'data_file' is not defined
2014-06-22 14:53:12,808 - restapi - INFO - accessing /GetModuleStatus
2014-06-22 14:53:12,808 - restapi - INFO - package type  puppet
2014-06-22 14:53:12,809 - restapi - INFO - module name nodejs
2014-06-22 14:53:12,809 - restapi - INFO - this is get deployment json
2014-06-22 14:53:12,809 - restapi - INFO - {u'defaultAutoscalingPolicy': u'economyPolicy', u'displayName': u'PHP', u'description': u'PHP Cartridge', u'multiTenant': u'false', u'portMapping': [{u'proxyPort': u'8280', u'protocol': u'http', u'port': u'80'}, {u'proxyPort': u'8243', u'protocol': u'https', u'port': u'443'}], u'iaasProvider': [{u'maxInstanceLimit': u'4', u'property': [{u'name': u'instanceType', u'value': u'RegionOne/2'}, {u'name': u'keyPair', u'value': u'<key_name>'}], u'type': u'openstack', u'imageId': u'RegionOne/<image_id>'}], u'host': u'stratos.com', u'version': u'7', u'provider': u'apache', u'type': u'php', u'loadBalancer': {u'property': {u'name': u'default.load.balancer', u'value': u'true'}, u'type': u'lb'}}
2014-06-22 14:55:32,534 - restapi - INFO - accessing /GetModuleStatus
2014-06-22 14:55:32,535 - restapi - INFO - package type  puppet
2014-06-22 14:55:32,535 - restapi - INFO - module name nodejs
2014-06-22 14:55:32,535 - restapi - INFO - this is get deployment json
2014-06-22 14:55:32,536 - restapi - INFO - {u'defaultAutoscalingPolicy': u'economyPolicy', u'displayName': u'PHP', u'description': u'PHP Cartridge', u'multiTenant': u'false', u'portMapping': [{u'proxyPort': u'8280', u'protocol': u'http', u'port': u'80'}, {u'proxyPort': u'8243', u'protocol': u'https', u'port': u'443'}], u'iaasProvider': [{u'maxInstanceLimit': u'4', u'property': [{u'name': u'instanceType', u'value': u'RegionOne/2'}, {u'name': u'keyPair', u'value': u'<key_name>'}], u'type': u'openstack', u'imageId': u'RegionOne/<image_id>'}], u'host': u'stratos.com', u'version': u'7', u'provider': u'apache', u'type': u'pdsdsdhp', u'loadBalancer': {u'property': {u'name': u'default.load.balancer', u'value': u'true'}, u'type': u'lb'}}
2014-06-22 14:56:08,311 - restapi - INFO - accessing /GetModuleStatus
2014-06-22 14:56:08,311 - restapi - INFO - package type  puppet
2014-06-22 14:56:08,311 - restapi - INFO - module name nodejs
2014-06-22 14:56:08,311 - restapi - INFO - this is get deployment json
2014-06-22 14:56:08,311 - restapi - INFO - {u'defaultAutoscalingPolicy': u'economyPolicy', u'displayName': u'PHP', u'description': u'PHP Cartridge', u'multiTenant': u'false', u'portMapping': [{u'proxyPort': u'8280', u'protocol': u'http', u'port': u'80'}, {u'proxyPort': u'8243', u'protocol': u'https', u'port': u'443'}], u'iaasProvider': [{u'maxInstanceLimit': u'4', u'property': [{u'name': u'instanceType', u'value': u'RegionOne/2'}, {u'name': u'keyPair', u'value': u'<key_name>'}], u'type': u'openstack', u'imageId': u'RegionOne/<image_id>'}], u'host': u'stratos.com', u'version': u'7', u'provider': u'apache', u'type': u'php', u'loadBalancer': {u'property': {u'name': u'default.load.balancer', u'value': u'true'}, u'type': u'lb'}}
2014-06-22 14:58:48,032 - restapi - INFO - accessing /GetModuleStatus
2014-06-22 14:58:48,033 - restapi - INFO - package type  puppet
2014-06-22 14:58:48,033 - restapi - INFO - module name nodejs
2014-06-22 14:58:48,033 - restapi - INFO - this is get deployment json
2014-06-22 14:58:48,033 - restapi - INFO - {u'defaultAutoscalingPolicy': u'economyPolicy', u'displayName': u'PHP', u'description': u'PHP Cartridge', u'multiTenant': u'false', u'portMapping': [{u'proxyPort': u'8280', u'protocol': u'http', u'port': u'80'}, {u'proxyPort': u'8243', u'protocol': u'https', u'port': u'443'}], u'iaasProvider': [{u'maxInstanceLimit': u'4', u'property': [{u'name': u'instanceType', u'value': u'RegionOne/2'}, {u'name': u'keyPair', u'value': u'<key_name>'}], u'type': u'openstack', u'imageId': u'RegionOne/<image_id>'}], u'host': u'stratos.com', u'version': u'7', u'provider': u'apache', u'type': u'php', u'loadBalancer': {u'property': {u'name': u'default.load.balancer', u'value': u'true'}, u'type': u'lb'}}
2014-06-22 15:02:50,588 - restapi - INFO - accessing /GetModuleStatus
2014-06-22 15:02:50,589 - restapi - INFO - package type  puppet
2014-06-22 15:02:50,589 - restapi - INFO - module name nodejs
2014-06-22 15:02:50,589 - restapi - INFO - this is get deployment json
2014-06-22 15:02:50,589 - restapi - INFO - {u'defaultAutoscalingPolicy': u'economyPolicy', u'displayName': u'PHP', u'description': u'PHP Cartridge', u'multiTenant': u'false', u'portMapping': [{u'proxyPort': u'8280', u'protocol': u'http', u'port': u'80'}, {u'proxyPort': u'8243', u'protocol': u'https', u'port': u'443'}], u'iaasProvider': [{u'maxInstanceLimit': u'4', u'property': [{u'name': u'instanceType', u'value': u'RegionOne/2'}, {u'name': u'keyPair', u'value': u'<key_name>'}], u'type': u'openstack', u'imageId': u'RegionOne/<image_id>'}], u'host': u'stratos.com', u'version': u'7', u'provider': u'apache', u'type': u'php', u'loadBalancer': {u'property': {u'name': u'default.load.balancer', u'value': u'true'}, u'type': u'lb'}}
2014-06-22 15:05:00,377 - restapi - INFO - accessing /GetModuleStatus
2014-06-22 15:05:00,377 - restapi - INFO - package type  puppet
2014-06-22 15:05:00,377 - restapi - INFO - module name nodejs
2014-06-22 15:05:00,377 - restapi - INFO - this is get deployment json
2014-06-22 15:05:00,377 - restapi - INFO - {u'defaultAutoscalingPolicy': u'economyPolicy', u'displayName': u'PHP', u'description': u'PHP Cartridge', u'multiTenant': u'false', u'portMapping': [{u'proxyPort': u'8280', u'protocol': u'http', u'port': u'80'}, {u'proxyPort': u'8243', u'protocol': u'https', u'port': u'443'}], u'iaasProvider': [{u'maxInstanceLimit': u'4', u'property': [{u'name': u'instanceType', u'value': u'RegionOne/2'}, {u'name': u'keyPair', u'value': u'<key_name>'}], u'type': u'openstack', u'imageId': u'RegionOne/<image_id>'}], u'host': u'stratos.com', u'version': u'7', u'provider': u'apache', u'type': u'php', u'loadBalancer': {u'property': {u'name': u'default.load.balancer', u'value': u'true'}, u'type': u'lb'}}
2014-06-22 15:05:00,377 - restapi - DEBUG - error while reading deployment json :global name 'jdefault' is not defined
2014-06-22 15:06:27,571 - restapi - INFO - accessing /GetModuleStatus
2014-06-22 15:06:27,571 - restapi - INFO - package type  puppet
2014-06-22 15:06:27,571 - restapi - INFO - module name nodejs
2014-06-22 15:06:27,571 - restapi - INFO - this is get deployment json
2014-06-22 15:06:27,571 - restapi - INFO - {u'defaultAutoscalingPolicy': u'economyPolicy', u'displayName': u'PHP', u'description': u'PHP Cartridge', u'multiTenant': u'false', u'portMapping': [{u'proxyPort': u'8280', u'protocol': u'http', u'port': u'80'}, {u'proxyPort': u'8243', u'protocol': u'https', u'port': u'443'}], u'iaasProvider': [{u'maxInstanceLimit': u'4', u'property': [{u'name': u'instanceType', u'value': u'RegionOne/2'}, {u'name': u'keyPair', u'value': u'<key_name>'}], u'type': u'openstack', u'imageId': u'RegionOne/<image_id>'}], u'host': u'stratos.com', u'version': u'7', u'provider': u'apache', u'type': u'php', u'loadBalancer': {u'property': {u'name': u'default.load.balancer', u'value': u'true'}, u'type': u'lb'}}
2014-06-22 15:06:41,177 - restapi - INFO - accessing /GetModuleStatus
2014-06-22 15:06:41,177 - restapi - INFO - package type  puppet
2014-06-22 15:06:41,177 - restapi - INFO - module name nodejs
2014-06-22 15:06:41,177 - restapi - INFO - this is get deployment json
2014-06-22 15:06:41,178 - restapi - INFO - {u'defaultAutoscalingPolicy': u'economyPolicy', u'displayName': u'PHP', u'description': u'PHP Cartridge', u'multiTenant': u'false', u'portMapping': [{u'proxyPort': u'8280', u'protocol': u'http', u'port': u'80'}, {u'proxyPort': u'8243', u'protocol': u'https', u'port': u'443'}], u'iaasProvider': [{u'maxInstanceLimit': u'4', u'property': [{u'name': u'instanceType', u'value': u'RegionOne/2'}, {u'name': u'keyPair', u'value': u'<key_name>'}], u'type': u'openstack', u'imageId': u'RegionOne/<image_id>'}], u'host': u'stratos.com', u'version': u'7', u'provider': u'apache', u'type': u'php', u'loadBalancer': {u'property': {u'name': u'default.load.balancer', u'value': u'true'}, u'type': u'lb'}}
2014-06-22 15:09:01,468 - restapi - INFO - accessing /GetModuleStatus
2014-06-22 15:09:01,469 - restapi - INFO - package type  puppet
2014-06-22 15:09:01,469 - restapi - INFO - module name nodejs
2014-06-22 15:09:01,469 - restapi - INFO - this is get deployment json
2014-06-22 15:09:01,469 - restapi - INFO - {u'defaultAutoscalingPolicy': u'economyPolicy', u'displayName': u'PHP', u'description': u'PHP Cartridge', u'multiTenant': u'false', u'portMapping': [{u'proxyPort': u'8280', u'protocol': u'http', u'port': u'80'}, {u'proxyPort': u'8243', u'protocol': u'https', u'port': u'443'}], u'iaasProvider': [{u'maxInstanceLimit': u'4', u'property': [{u'name': u'instanceType', u'value': u'RegionOne/2'}, {u'name': u'keyPair', u'value': u'<key_name>'}], u'type': u'openstack', u'imageId': u'RegionOne/<image_id>'}], u'host': u'stratos.com', u'version': u'7', u'provider': u'apache', u'type': u'php', u'loadBalancer': {u'property': {u'name': u'default.load.balancer', u'value': u'true'}, u'type': u'lb'}}
2014-06-22 15:11:26,717 - restapi - INFO - accessing /GetModuleStatus
2014-06-22 15:11:26,718 - restapi - INFO - package type  puppet
2014-06-22 15:11:26,718 - restapi - INFO - module name nodejs
2014-06-22 15:11:26,718 - restapi - INFO - this is get deployment json
2014-06-22 15:11:26,718 - restapi - INFO - {u'defaultAutoscalingPolicy': u'economyPolicy', u'displayName': u'PHP', u'description': u'PHP Cartridge', u'multiTenant': u'false', u'portMapping': [{u'proxyPort': u'8280', u'protocol': u'http', u'port': u'80'}, {u'proxyPort': u'8243', u'protocol': u'https', u'port': u'443'}], u'iaasProvider': [{u'maxInstanceLimit': u'4', u'property': [{u'name': u'instanceType', u'value': u'RegionOne/2'}, {u'name': u'keyPair', u'value': u'<key_name>'}], u'type': u'openstack', u'imageId': u'RegionOne/<image_id>'}], u'host': u'stratos.com', u'version': u'7', u'provider': u'apache', u'type': u'php', u'loadBalancer': {u'property': {u'name': u'default.load.balancer', u'value': u'true'}, u'type': u'lb'}}
2014-06-22 15:11:52,145 - restapi - INFO - accessing /GetModuleStatus
2014-06-22 15:11:52,145 - restapi - INFO - package type  puppet
2014-06-22 15:11:52,145 - restapi - INFO - module name nodejs
2014-06-22 15:11:52,145 - restapi - INFO - this is get deployment json
2014-06-22 15:11:52,145 - restapi - INFO - {u'defaultAutoscalingPolicy': u'economyPolicy', u'displayName': u'PHP', u'description': u'PHP Cartridge', u'multiTenant': u'false', u'portMapping': [{u'proxyPort': u'8280', u'protocol': u'http', u'port': u'80'}, {u'proxyPort': u'8243', u'protocol': u'https', u'port': u'443'}], u'iaasProvider': [{u'maxInstanceLimit': u'4', u'property': [{u'name': u'instanceType', u'value': u'RegionOne/2'}, {u'name': u'keyPair', u'value': u'<key_name>'}], u'type': u'openstack', u'imageId': u'RegionOne/<image_id>'}], u'host': u'stratos.com', u'version': u'7', u'provider': u'apache', u'type': u'php', u'loadBalancer': {u'property': {u'name': u'default.load.balancer', u'value': u'true'}, u'type': u'lb'}}
2014-06-22 15:19:11,044 - restapi - INFO - accessing /GetModuleStatus
2014-06-22 15:19:11,045 - restapi - INFO - package type  puppet
2014-06-22 15:19:11,045 - restapi - INFO - module name nodejs
2014-06-22 15:19:11,045 - restapi - INFO - this is get deployment json
2014-06-22 15:19:11,045 - restapi - DEBUG - error while reading deployment json :[Errno 2] No such file or directory: 'file'
2014-06-22 15:19:30,462 - restapi - INFO - accessing /GetModuleStatus
2014-06-22 15:19:30,462 - restapi - INFO - package type  puppet
2014-06-22 15:19:30,462 - restapi - INFO - module name nodejs
2014-06-22 15:19:30,462 - restapi - INFO - this is get deployment json
2014-06-22 15:19:30,462 - restapi - DEBUG - error while reading deployment json :Expecting object: line 1 column 2 (char 1)
2014-06-22 15:20:11,021 - restapi - INFO - accessing /GetModuleStatus
2014-06-22 15:20:11,021 - restapi - INFO - package type  puppet
2014-06-22 15:20:11,021 - restapi - INFO - module name nodejs
2014-06-22 15:20:11,021 - restapi - INFO - this is get deployment json
2014-06-22 15:20:11,022 - restapi - DEBUG - error while reading deployment json :Expecting object: line 1 column 2 (char 1)
2014-06-22 15:26:29,573 - restapi - INFO - accessing /GetModuleStatus
2014-06-22 15:26:29,573 - restapi - INFO - package type  puppet
2014-06-22 15:26:29,573 - restapi - INFO - module name nodejs
2014-06-22 15:26:29,573 - restapi - INFO - this is get deployment json
2014-06-22 15:28:41,097 - restapi - INFO - accessing /GetModuleStatus
2014-06-22 15:28:41,098 - restapi - INFO - package type  puppet
2014-06-22 15:28:41,098 - restapi - INFO - module name nodejs
2014-06-22 15:28:41,098 - restapi - INFO - this is get deployment json
2014-06-22 15:28:41,098 - restapi - DEBUG - error while reading deployment json :global name 'array' is not defined
2014-06-22 15:28:52,820 - restapi - INFO - accessing /GetModuleStatus
2014-06-22 15:28:52,820 - restapi - INFO - package type  puppet
2014-06-22 15:28:52,820 - restapi - INFO - module name nodejs
2014-06-22 15:28:52,821 - restapi - INFO - this is get deployment json
2014-06-22 15:40:46,461 - restapi - INFO - accessing /GetModuleStatus
2014-06-22 15:40:46,462 - restapi - INFO - package type  puppet
2014-06-22 15:40:46,462 - restapi - INFO - module name nodejs
2014-06-22 15:40:46,462 - restapi - INFO - this is get deployment json
2014-06-22 15:43:40,416 - restapi - INFO - accessing /GetModuleStatus
2014-06-22 15:43:40,417 - restapi - INFO - package type  puppet
2014-06-22 15:43:40,417 - restapi - INFO - module name nodejs
2014-06-22 15:43:40,417 - restapi - INFO - this is get deployment json
2014-06-22 15:44:13,158 - restapi - INFO - accessing /GetModuleStatus
2014-06-22 15:44:13,158 - restapi - INFO - package type  puppet
2014-06-22 15:44:13,158 - restapi - INFO - module name nodejs
2014-06-22 15:44:13,158 - restapi - INFO - this is get deployment json
2014-06-22 15:50:09,304 - restapi - INFO - accessing /GetModuleStatus
2014-06-22 15:50:09,305 - restapi - INFO - package type  puppet
2014-06-22 15:50:09,305 - restapi - INFO - module name nodejs
2014-06-22 15:50:09,305 - restapi - INFO - this is get deployment json
2014-06-22 15:50:09,305 - restapi - DEBUG - error while reading deployment json :global name 'obj' is not defined
2014-06-22 15:50:39,282 - restapi - INFO - accessing /GetModuleStatus
2014-06-22 15:50:39,283 - restapi - INFO - package type  puppet
2014-06-22 15:50:39,283 - restapi - INFO - module name nodejs
2014-06-22 15:50:39,283 - restapi - INFO - this is get deployment json
2014-06-22 15:50:39,283 - restapi - DEBUG - error while reading deployment json :<open file u'deploymentjsons/nodejs.json', mode 'wt' at 0x7f335c7705d0> is not JSON serializable
2014-06-22 15:51:06,392 - restapi - INFO - accessing /GetModuleStatus
2014-06-22 15:51:06,392 - restapi - INFO - package type  puppet
2014-06-22 15:51:06,393 - restapi - INFO - module name nodejs
2014-06-22 15:51:06,393 - restapi - INFO - this is get deployment json
2014-06-22 15:51:06,393 - restapi - DEBUG - error while reading deployment json :<open file u'deploymentjsons/nodejs.json', mode 'w' at 0x7f10702da5d0> is not JSON serializable
2014-06-22 15:51:14,597 - restapi - INFO - accessing /GetModuleStatus
2014-06-22 15:51:14,597 - restapi - INFO - package type  puppet
2014-06-22 15:51:14,597 - restapi - INFO - module name nodejs
2014-06-22 15:51:14,597 - restapi - INFO - this is get deployment json
2014-06-22 15:51:14,598 - restapi - DEBUG - error while reading deployment json :<open file u'deploymentjsons/nodejs.json', mode 'r' at 0x7f20a03d85d0> is not JSON serializable
2014-06-22 15:57:48,488 - restapi - INFO - accessing /GetModuleStatus
2014-06-22 15:57:48,489 - restapi - INFO - package type  puppet
2014-06-22 15:57:48,489 - restapi - INFO - module name nodejs
2014-06-22 15:57:48,489 - restapi - INFO - this is get deployment json
2014-06-22 15:57:48,489 - restapi - DEBUG - error while reading deployment json :No JSON object could be decoded
2014-06-22 15:58:13,673 - restapi - INFO - accessing /GetModuleStatus
2014-06-22 15:58:13,673 - restapi - INFO - package type  puppet
2014-06-22 15:58:13,673 - restapi - INFO - module name nodejs
2014-06-22 15:58:13,673 - restapi - INFO - this is get deployment json
2014-06-22 15:58:13,673 - restapi - DEBUG - error while reading deployment json :No JSON object could be decoded
2014-06-22 15:58:30,261 - restapi - INFO - accessing /GetModuleStatus
2014-06-22 15:58:30,262 - restapi - INFO - package type  puppet
2014-06-22 15:58:30,262 - restapi - INFO - module name nodejs
2014-06-22 15:58:30,262 - restapi - INFO - this is get deployment json
2014-06-22 15:58:30,262 - restapi - DEBUG - error while reading deployment json :No JSON object could be decoded
2014-06-22 16:02:53,597 - restapi - INFO - accessing /GetModuleStatus
2014-06-22 16:02:53,598 - restapi - INFO - package type  puppet
2014-06-22 16:02:53,598 - restapi - INFO - module name nodejs
2014-06-22 16:02:53,598 - restapi - INFO - this is get deployment json
2014-06-22 16:02:53,598 - restapi - DEBUG - error while reading deployment json :No JSON object could be decoded
2014-06-22 16:03:20,146 - restapi - INFO - accessing /GetModuleStatus
2014-06-22 16:03:20,146 - restapi - INFO - package type  puppet
2014-06-22 16:03:20,146 - restapi - INFO - module name nodejs
2014-06-22 16:03:20,146 - restapi - INFO - this is get deployment json
2014-06-22 16:03:20,147 - restapi - DEBUG - error while reading deployment json :No JSON object could be decoded
2014-06-22 16:03:50,685 - restapi - INFO - accessing /GetModuleStatus
2014-06-22 16:03:50,686 - restapi - INFO - package type  puppet
2014-06-22 16:03:50,686 - restapi - INFO - module name nodejs
2014-06-22 16:03:50,686 - restapi - INFO - this is get deployment json
2014-06-22 16:03:50,686 - restapi - DEBUG - error while reading deployment json :No JSON object could be decoded
2014-06-22 16:04:40,276 - restapi - INFO - accessing /GetModuleStatus
2014-06-22 16:04:40,276 - restapi - INFO - package type  puppet
2014-06-22 16:04:40,276 - restapi - INFO - module name nodejs
2014-06-22 16:04:40,276 - restapi - INFO - this is get deployment json
2014-06-22 16:04:40,276 - restapi - INFO - {u'defaultAutoscalingPolicy': u'economyPolicy', u'displayName': u'PHP', u'description': u'PHP Cartridge', u'multiTenant': u'false', u'portMapping': [{u'proxyPort': u'8280', u'protocol': u'http', u'port': u'80'}, {u'proxyPort': u'8243', u'protocol': u'https', u'port': u'443'}], u'iaasProvider': [{u'maxInstanceLimit': u'4', u'property': [{u'name': u'instanceType', u'value': u'RegionOne/2'}, {u'name': u'keyPair', u'value': u'<key_name>'}], u'type': u'openstack', u'imageId': u'RegionOne/<image_id>'}], u'host': u'stratos.com', u'version': u'7', u'provider': u'apache', u'type': u'php', u'loadBalancer': {u'property': {u'name': u'default.load.balancer', u'value': u'true'}, u'type': u'lb'}}
2014-06-22 16:04:53,081 - restapi - INFO - accessing /GetModuleStatus
2014-06-22 16:04:53,081 - restapi - INFO - package type  puppet
2014-06-22 16:04:53,081 - restapi - INFO - module name nodejs
2014-06-22 16:04:53,081 - restapi - INFO - this is get deployment json
2014-06-22 16:04:53,082 - restapi - INFO - {u'defaultAutoscalingPolicy': u'economyPolicy', u'displayName': u'PHP', u'description': u'PHP Cartridge', u'multiTenant': u'false', u'portMapping': [{u'proxyPort': u'8280', u'protocol': u'http', u'port': u'80'}, {u'proxyPort': u'8243', u'protocol': u'https', u'port': u'443'}], u'iaasProvider': [{u'maxInstanceLimit': u'4', u'property': [{u'name': u'instanceType', u'value': u'RegionOne/2'}, {u'name': u'keyPair', u'value': u'<key_name>'}], u'type': u'openstack', u'imageId': u'RegionOne/<image_id>'}], u'host': u'stratos.com', u'version': u'7', u'provider': u'apache', u'type': u'php', u'loadBalancer': {u'property': {u'name': u'default.load.balancer', u'value': u'true'}, u'type': u'lb'}}
2014-06-22 16:05:36,638 - restapi - INFO - accessing /GetModuleStatus
2014-06-22 16:05:36,639 - restapi - INFO - package type  puppet
2014-06-22 16:05:36,639 - restapi - INFO - module name nodejs
2014-06-22 16:05:36,639 - restapi - INFO - this is get deployment json
2014-06-22 16:05:36,639 - restapi - INFO - {u'defaultAutoscalingPolicy': u'economyPolicy', u'displayName': u'PHP', u'description': u'PHP Cartridge', u'multiTenant': u'false', u'portMapping': [{u'proxyPort': u'8280', u'protocol': u'http', u'port': u'80'}, {u'proxyPort': u'8243', u'protocol': u'https', u'port': u'443'}], u'iaasProvider': [{u'maxInstanceLimit': u'4', u'property': [{u'name': u'instanceType', u'value': u'RegionOne/2'}, {u'name': u'keyPair', u'value': u'<key_name>'}], u'type': u'openstack', u'imageId': u'RegionOne/<image_id>'}], u'host': u'stratos.com', u'version': u'7', u'provider': u'apache', u'type': u'php', u'loadBalancer': {u'property': {u'name': u'default.load.balancer', u'value': u'true'}, u'type': u'lb'}}
2014-06-22 16:08:42,789 - restapi - INFO - accessing /GetModuleStatus
2014-06-22 16:08:42,789 - restapi - INFO - package type  puppet
2014-06-22 16:08:42,790 - restapi - INFO - module name nodejs
2014-06-22 16:08:42,790 - restapi - INFO - this is get deployment json
2014-06-22 16:08:42,790 - restapi - DEBUG - error while reading deployment json :global name 'collections' is not defined
2014-06-22 16:13:13,131 - restapi - INFO - accessing /GetModuleStatus
2014-06-22 16:13:13,131 - restapi - INFO - package type  puppet
2014-06-22 16:13:13,131 - restapi - INFO - module name nodejs
2014-06-22 16:13:13,131 - restapi - INFO - this is get deployment json
2014-06-22 16:13:13,132 - restapi - DEBUG - error while reading deployment json :Expecting object: line 1 column 2 (char 1)
2014-06-22 16:33:00,226 - restapi - INFO - accessing /GetModuleStatus
2014-06-22 16:33:00,226 - restapi - INFO - package type  puppet
2014-06-22 16:33:00,226 - restapi - INFO - module name nodejs
2014-06-22 16:33:00,226 - restapi - INFO - this is get deployment json
2014-06-22 16:33:00,226 - restapi - DEBUG - error while reading deployment json :global name 'codecs' is not defined
2014-06-22 16:33:51,681 - restapi - INFO - accessing /GetModuleStatus
2014-06-22 16:33:51,681 - restapi - INFO - package type  puppet
2014-06-22 16:33:51,681 - restapi - INFO - module name nodejs
2014-06-22 16:33:51,681 - restapi - INFO - this is get deployment json
2014-06-22 16:33:51,681 - restapi - DEBUG - error while reading deployment json :an integer is required
2014-06-22 16:38:43,565 - restapi - INFO - accessing /GetModuleStatus
2014-06-22 16:38:43,566 - restapi - INFO - package type  puppet
2014-06-22 16:38:43,566 - restapi - INFO - module name nodejs
2014-06-22 16:38:43,566 - restapi - INFO - this is get deployment json
2014-06-22 16:38:43,566 - restapi - DEBUG - error while reading deployment json :global name 'filename' is not defined
2014-06-22 16:38:56,621 - restapi - INFO - accessing /GetModuleStatus
2014-06-22 16:38:56,621 - restapi - INFO - package type  puppet
2014-06-22 16:38:56,621 - restapi - INFO - module name nodejs
2014-06-22 16:38:56,621 - restapi - INFO - this is get deployment json
2014-06-22 16:38:56,621 - restapi - DEBUG - error while reading deployment json :'tuple' object has no attribute 'read'
2014-06-22 16:39:55,611 - restapi - INFO - accessing /GetModuleStatus
2014-06-22 16:39:55,611 - restapi - INFO - package type  puppet
2014-06-22 16:39:55,611 - restapi - INFO - module name nodejs
2014-06-22 16:39:55,611 - restapi - INFO - this is get deployment json
2014-06-22 16:39:55,611 - restapi - DEBUG - error while reading deployment json :[Errno 2] No such file or directory: 'file.txt'
2014-06-22 16:40:17,631 - restapi - INFO - accessing /GetModuleStatus
2014-06-22 16:40:17,632 - restapi - INFO - package type  puppet
2014-06-22 16:40:17,632 - restapi - INFO - module name nodejs
2014-06-22 16:40:17,632 - restapi - INFO - this is get deployment json
2014-06-22 16:41:13,657 - restapi - INFO - accessing /GetModuleStatus
2014-06-22 16:41:13,658 - restapi - INFO - package type  puppet
2014-06-22 16:41:13,658 - restapi - INFO - module name nodejs
2014-06-22 16:41:13,658 - restapi - INFO - this is get deployment json
2014-06-22 16:41:13,658 - restapi - DEBUG - error while reading deployment json :'list' object has no attribute 'read'
2014-06-22 16:43:03,054 - restapi - INFO - accessing /GetModuleStatus
2014-06-22 16:43:03,054 - restapi - INFO - package type  puppet
2014-06-22 16:43:03,054 - restapi - INFO - module name nodejs
2014-06-22 16:43:03,054 - restapi - INFO - this is get deployment json
2014-06-22 16:43:03,055 - restapi - DEBUG - error while reading deployment json :'list' object has no attribute 'read'
2014-06-22 16:43:22,341 - restapi - INFO - accessing /GetModuleStatus
2014-06-22 16:43:22,342 - restapi - INFO - package type  puppet
2014-06-22 16:43:22,342 - restapi - INFO - module name nodejs
2014-06-22 16:43:22,342 - restapi - INFO - this is get deployment json
2014-06-22 16:43:27,816 - restapi - INFO - accessing /GetModuleStatus
2014-06-22 16:43:27,816 - restapi - INFO - package type  puppet
2014-06-22 16:43:27,816 - restapi - INFO - module name nodejs
2014-06-22 16:43:27,816 - restapi - INFO - this is get deployment json
2014-06-22 16:43:37,321 - restapi - INFO - accessing /GetModuleStatus
2014-06-22 16:43:37,321 - restapi - INFO - package type  puppet
2014-06-22 16:43:37,322 - restapi - INFO - module name nodejs
2014-06-22 16:43:37,322 - restapi - INFO - this is get deployment json
2014-06-22 16:48:16,893 - restapi - INFO - accessing /GetModuleStatus
2014-06-22 16:48:16,893 - restapi - INFO - package type  puppet
2014-06-22 16:48:16,893 - restapi - INFO - module name nodejs
2014-06-22 16:48:16,893 - restapi - INFO - this is get deployment json
2014-06-22 16:48:16,893 - restapi - DEBUG - error while reading deployment json :Invalid control character at: line 8 column 6 (char 138)
2014-06-22 16:48:36,469 - restapi - INFO - accessing /GetModuleStatus
2014-06-22 16:48:36,469 - restapi - INFO - package type  puppet
2014-06-22 16:48:36,470 - restapi - INFO - module name nodejs
2014-06-22 16:48:36,470 - restapi - INFO - this is get deployment json
2014-06-22 16:48:36,470 - restapi - INFO - {u'displayName': u'PHP', u'description': u'PHP Cartridge', u'multiTenant': u'false', u'portMapping': [{u'proxyPort': u'8280', u'protocol': u'http', u'port': u'80'}, {u'proxyPort': u'8243', u'protocol': u'https', u'port': u'443'}], u'iaasProvider': [{u'maxInstanceLimit': u'4', u'property': [{u'name': u'instanceType', u'value': u'RegionOne/2'}, {u'name': u'keyPair', u'value': u'<key_name>'}], u'type': u'openstack', u'imageId': u'RegionOne/<image_id>'}], u'host': u'stratos.com', u'defaultAutoscalingPolicy': u'economyPolicy', u'provider': u'apache', u'type': u'php', u'loadBalancer': {u'property': {u'name': u'default.load.balancer', u'value': u'true'}, u'type': u'lb'}}
2014-06-22 16:48:53,309 - restapi - INFO - accessing /GetModuleStatus
2014-06-22 16:48:53,309 - restapi - INFO - package type  puppet
2014-06-22 16:48:53,309 - restapi - INFO - module name nodejs
2014-06-22 16:48:53,309 - restapi - INFO - this is get deployment json
2014-06-22 16:48:53,310 - restapi - INFO - {u'defaultAutoscalingPolicy': u'economyPolicy', u'displayName': u'PHP', u'description': u'PHP Cartridge', u'multiTenant': u'false', u'portMapping': [{u'proxyPort': u'8280', u'protocol': u'http', u'port': u'80'}, {u'proxyPort': u'8243', u'protocol': u'https', u'port': u'443'}], u'iaasProvider': [{u'maxInstanceLimit': u'4', u'property': [{u'name': u'instanceType', u'value': u'RegionOne/2'}, {u'name': u'keyPair', u'value': u'<key_name>'}], u'type': u'openstack', u'imageId': u'RegionOne/<image_id>'}], u'host': u'stratos.com', u'version': u'7', u'provider': u'apache', u'type': u'php', u'loadBalancer': {u'property': {u'name': u'default.load.balancer', u'value': u'true'}, u'type': u'lb'}}
2014-06-22 16:49:20,849 - restapi - INFO - accessing /GetModuleStatus
2014-06-22 16:49:20,849 - restapi - INFO - package type  puppet
2014-06-22 16:49:20,849 - restapi - INFO - module name nodejs
2014-06-22 16:49:20,849 - restapi - INFO - this is get deployment json
2014-06-22 16:49:20,849 - restapi - INFO - {u'defaultAutoscalingPolicy': u'economyPolicy', u'displayName': u'PHP', u'description': u'PHP Cartridge', u'multiTenant': u'false', u'portMapping': [{u'proxyPort': u'8280', u'protocol': u'http', u'port': u'80'}, {u'proxyPort': u'8243', u'protocol': u'https', u'port': u'443'}], u'iaasProvider': [{u'maxInstanceLimit': u'4', u'property': [{u'name': u'instanceType', u'value': u'RegionOne/2'}, {u'name': u'keyPair', u'value': u'<key_name>'}], u'type': u'openstack', u'imageId': u'RegionOne/<image_id>'}], u'host': u'stratos.com', u'version': u'7', u'provider': u'apache', u'type': u'php', u'loadBalancer': {u'property': {u'name': u'default.load.balancer', u'value': u'true'}, u'type': u'lb'}}
2014-06-22 16:50:34,002 - restapi - INFO - accessing /GetModuleStatus
2014-06-22 16:50:34,003 - restapi - INFO - package type  puppet
2014-06-22 16:50:34,003 - restapi - INFO - module name nodejs
2014-06-22 16:50:34,003 - restapi - INFO - this is get deployment json
2014-06-22 16:50:34,003 - restapi - INFO - {u'displayName': u'PHP', u'description': u'PHP Cartridge', u'multiTenant': u'false', u'portMapping': [{u'proxyPort': u'8280', u'protocol': u'http', u'port': u'80'}, {u'proxyPort': u'8243', u'protocol': u'https', u'port': u'443'}], u'iaasProvider': [{u'maxInstanceLimit': u'4', u'property': [{u'name': u'instanceType', u'value': u'RegionOne/2'}, {u'name': u'keyPair', u'value': u'<key_name>'}], u'type': u'openstack', u'imageId': u'RegionOne/<image_id>'}], u'host': u'stratos.com', u'defaultAutoscalingPolicy': u'economyPolicy', u'provider': u'apache', u'type': u'php', u'loadBalancer': {u'property': {u'name': u'default.load.balancer', u'value': u'true'}, u'type': u'lb'}}
2014-06-22 16:51:04,661 - restapi - INFO - accessing /GetModuleStatus
2014-06-22 16:51:04,661 - restapi - INFO - package type  puppet
2014-06-22 16:51:04,661 - restapi - INFO - module name nodejs
2014-06-22 16:51:04,661 - restapi - INFO - this is get deployment json
2014-06-22 16:51:04,661 - restapi - INFO - {u'displayName': u'PHP', u'description': u'PHP Cartridge', u'portMapping': [{u'proxyPort': u'8280', u'protocol': u'http', u'port': u'80'}, {u'proxyPort': u'8243', u'protocol': u'https', u'port': u'443'}], u'iaasProvider': [{u'maxInstanceLimit': u'4', u'property': [{u'name': u'instanceType', u'value': u'RegionOne/2'}, {u'name': u'keyPair', u'value': u'<key_name>'}], u'type': u'openstack', u'imageId': u'RegionOne/<image_id>'}], u'host': u'stratos.com', u'provider': u'apache', u'type': u'php', u'loadBalancer': {u'property': {u'name': u'default.load.balancer', u'value': u'true'}, u'type': u'lb'}}
2014-06-23 04:00:56,657 - restapi - INFO - accessing /GetModuleStatus
2014-06-23 04:00:56,657 - restapi - INFO - package type  puppet
2014-06-23 04:00:56,657 - restapi - INFO - module name nodejs
2014-06-23 04:00:56,657 - restapi - INFO - this is get deployment json
2014-06-23 04:00:56,657 - restapi - INFO - OrderedDict([(u'type', u'php'), (u'provider', u'apache'), (u'host', u'stratos.com'), (u'displayName', u'PHP'), (u'description', u'PHP Cartridge'), (u'version', u'7'), (u'defaultAutoscalingPolicy', u'economyPolicy'), (u'multiTenant', u'false'), (u'portMapping', [OrderedDict([(u'protocol', u'http'), (u'port', u'80'), (u'proxyPort', u'8280')]), OrderedDict([(u'protocol', u'https'), (u'port', u'443'), (u'proxyPort', u'8243')])]), (u'iaasProvider', [OrderedDict([(u'type', u'openstack'), (u'imageId', u'RegionOne/<image_id>'), (u'maxInstanceLimit', u'4'), (u'property', [OrderedDict([(u'name', u'instanceType'), (u'value', u'RegionOne/2')]), OrderedDict([(u'name', u'keyPair'), (u'value', u'<key_name>')])])])]), (u'loadBalancer', OrderedDict([(u'type', u'lb'), (u'property', OrderedDict([(u'name', u'default.load.balancer'), (u'value', u'true')]))]))])
2014-06-23 04:01:27,495 - restapi - INFO - accessing /GetModuleStatus
2014-06-23 04:01:27,495 - restapi - INFO - package type  puppet
2014-06-23 04:01:27,495 - restapi - INFO - module name nodejs
2014-06-23 04:01:27,495 - restapi - INFO - this is get deployment json
2014-06-23 04:01:27,495 - restapi - DEBUG - error while reading deployment json :__init__() got an unexpected keyword argument 'indent'
2014-06-23 04:02:29,362 - restapi - INFO - accessing /GetModuleStatus
2014-06-23 04:02:29,363 - restapi - INFO - package type  puppet
2014-06-23 04:02:29,363 - restapi - INFO - module name nodejs
2014-06-23 04:02:29,363 - restapi - INFO - this is get deployment json
2014-06-23 04:02:29,363 - restapi - DEBUG - error while reading deployment json :__init__() got an unexpected keyword argument 'indent'
2014-06-23 04:02:37,705 - restapi - INFO - accessing /GetModuleStatus
2014-06-23 04:02:37,705 - restapi - INFO - package type  puppet
2014-06-23 04:02:37,705 - restapi - INFO - module name nodejs
2014-06-23 04:02:37,706 - restapi - INFO - this is get deployment json
2014-06-23 04:02:37,706 - restapi - DEBUG - error while reading deployment json :__init__() got an unexpected keyword argument 'indent'
2014-06-23 04:02:46,535 - restapi - INFO - accessing /GetModuleStatus
2014-06-23 04:02:46,535 - restapi - INFO - package type  puppet
2014-06-23 04:02:46,535 - restapi - INFO - module name nodejs
2014-06-23 04:02:46,535 - restapi - INFO - this is get deployment json
2014-06-23 04:02:46,536 - restapi - INFO - OrderedDict([(u'type', u'php'), (u'provider', u'apache'), (u'host', u'stratos.com'), (u'displayName', u'PHP'), (u'description', u'PHP Cartridge'), (u'version', u'7'), (u'defaultAutoscalingPolicy', u'economyPolicy'), (u'multiTenant', u'false'), (u'portMapping', [OrderedDict([(u'protocol', u'http'), (u'port', u'80'), (u'proxyPort', u'8280')]), OrderedDict([(u'protocol', u'https'), (u'port', u'443'), (u'proxyPort', u'8243')])]), (u'iaasProvider', [OrderedDict([(u'type', u'openstack'), (u'imageId', u'RegionOne/<image_id>'), (u'maxInstanceLimit', u'4'), (u'property', [OrderedDict([(u'name', u'instanceType'), (u'value', u'RegionOne/2')]), OrderedDict([(u'name', u'keyPair'), (u'value', u'<key_name>')])])])]), (u'loadBalancer', OrderedDict([(u'type', u'lb'), (u'property', OrderedDict([(u'name', u'default.load.balancer'), (u'value', u'true')]))]))])
